2015-11-18 07:47:51.239  INFO 15438 --- [main] c.n.q.config.QuestionsApplication        : Starting QuestionsApplication on Oswaldos-MacBook-Pro.local with PID 15438 (/Users/oherrera/wdonet/nsquestions/target/classes started by oherrera in /Users/oherrera/wdonet/nsquestions)
2015-11-18 07:47:51.243 DEBUG 15438 --- [main] c.n.q.config.QuestionsApplication        : Running with Spring Boot v1.3.0.RELEASE, Spring v4.2.3.RELEASE
2015-11-18 07:47:51.243  INFO 15438 --- [main] c.n.q.config.QuestionsApplication        : No profiles are active
2015-11-18 07:47:51.408  INFO 15438 --- [main] ationConfigEmbeddedWebApplicationContext : Refreshing org.springframework.boot.context.embedded.AnnotationConfigEmbeddedWebApplicationContext@4b5a2c0d: startup date [Wed Nov 18 07:47:51 UTC 2015]; root of context hierarchy
2015-11-18 07:47:52.170  INFO 15438 --- [main] o.s.b.f.s.DefaultListableBeanFactory     : Overriding bean definition for bean 'beanNameViewResolver' with a different definition: replacing [Root bean: class [null]; scope=; abstract=false; lazyInit=false; autowireMode=3; dependencyCheck=0; autowireCandidate=true; primary=false; factoryBeanName=org.springframework.boot.autoconfigure.web.ErrorMvcAutoConfiguration$WhitelabelErrorViewConfiguration; factoryMethodName=beanNameViewResolver; initMethodName=null; destroyMethodName=(inferred); defined in class path resource [org/springframework/boot/autoconfigure/web/ErrorMvcAutoConfiguration$WhitelabelErrorViewConfiguration.class]] with [Root bean: class [null]; scope=; abstract=false; lazyInit=false; autowireMode=3; dependencyCheck=0; autowireCandidate=true; primary=false; factoryBeanName=org.springframework.boot.autoconfigure.web.WebMvcAutoConfiguration$WebMvcAutoConfigurationAdapter; factoryMethodName=beanNameViewResolver; initMethodName=null; destroyMethodName=(inferred); defined in class path resource [org/springframework/boot/autoconfigure/web/WebMvcAutoConfiguration$WebMvcAutoConfigurationAdapter.class]]
2015-11-18 07:47:52.621  INFO 15438 --- [main] trationDelegate$BeanPostProcessorChecker : Bean 'org.springframework.transaction.annotation.ProxyTransactionManagementConfiguration' of type [class org.springframework.transaction.annotation.ProxyTransactionManagementConfiguration$$EnhancerBySpringCGLIB$$73b172f6] is not eligible for getting processed by all BeanPostProcessors (for example: not eligible for auto-proxying)
2015-11-18 07:47:52.980  INFO 15438 --- [main] s.b.c.e.t.TomcatEmbeddedServletContainer : Tomcat initialized with port(s): 8080 (http)
2015-11-18 07:47:52.994  INFO 15438 --- [main] o.apache.catalina.core.StandardService   : Starting service Tomcat
2015-11-18 07:47:52.995  INFO 15438 --- [main] org.apache.catalina.core.StandardEngine  : Starting Servlet Engine: Apache Tomcat/8.0.28
2015-11-18 07:47:53.080  INFO 15438 --- [localhost-startStop-1] o.a.c.c.C.[Tomcat].[localhost].[/]       : Initializing Spring embedded WebApplicationContext
2015-11-18 07:47:53.081  INFO 15438 --- [localhost-startStop-1] o.s.web.context.ContextLoader            : Root WebApplicationContext: initialization completed in 1673 ms
2015-11-18 07:47:53.344  INFO 15438 --- [localhost-startStop-1] o.s.b.c.e.ServletRegistrationBean        : Mapping servlet: 'dispatcherServlet' to [/]
2015-11-18 07:47:53.348  INFO 15438 --- [localhost-startStop-1] o.s.b.c.embedded.FilterRegistrationBean  : Mapping filter: 'characterEncodingFilter' to: [/*]
2015-11-18 07:47:53.348  INFO 15438 --- [localhost-startStop-1] o.s.b.c.embedded.FilterRegistrationBean  : Mapping filter: 'hiddenHttpMethodFilter' to: [/*]
2015-11-18 07:47:53.348  INFO 15438 --- [localhost-startStop-1] o.s.b.c.embedded.FilterRegistrationBean  : Mapping filter: 'httpPutFormContentFilter' to: [/*]
2015-11-18 07:47:53.348  INFO 15438 --- [localhost-startStop-1] o.s.b.c.embedded.FilterRegistrationBean  : Mapping filter: 'requestContextFilter' to: [/*]
2015-11-18 07:47:53.415  WARN 15438 --- [main] ationConfigEmbeddedWebApplicationContext : Exception encountered during context initialization - cancelling refresh attempt: org.springframework.beans.factory.BeanCreationException: Error creating bean with name 'org.springframework.boot.autoconfigure.orm.jpa.HibernateJpaAutoConfiguration': Injection of autowired dependencies failed; nested exception is org.springframework.beans.factory.BeanCreationException: Could not autowire field: private javax.sql.DataSource org.springframework.boot.autoconfigure.orm.jpa.JpaBaseConfiguration.dataSource; nested exception is org.springframework.beans.factory.BeanCreationException: Error creating bean with name 'dataSource' defined in class path resource [org/springframework/boot/autoconfigure/jdbc/DataSourceAutoConfiguration$NonEmbeddedConfiguration.class]: Bean instantiation via factory method failed; nested exception is org.springframework.beans.BeanInstantiationException: Failed to instantiate [javax.sql.DataSource]: Factory method 'dataSource' threw exception; nested exception is org.springframework.boot.autoconfigure.jdbc.DataSourceProperties$DataSourceBeanCreationException: Cannot determine embedded database driver class for database type NONE. If you want an embedded database please put a supported one on the classpath. If you have database settings to be loaded from a particular profile you may need to active it (no profiles are currently active).
2015-11-18 07:47:53.424  INFO 15438 --- [main] o.apache.catalina.core.StandardService   : Stopping service Tomcat
2015-11-18 07:47:53.431  INFO 15438 --- [main] .b.l.ClasspathLoggingApplicationListener : Application failed to start with classpath: [file:/Users/oherrera/wdonet/nsquestions/target/classes/, file:/Users/oherrera/swf/M2/org/springframework/boot/spring-boot-starter-web/1.3.0.RELEASE/spring-boot-starter-web-1.3.0.RELEASE.jar, file:/Users/oherrera/swf/M2/com/fasterxml/jackson/core/jackson-core/2.6.3/jackson-core-2.6.3.jar, file:/Users/oherrera/swf/M2/org/springframework/spring-tx/4.2.3.RELEASE/spring-tx-4.2.3.RELEASE.jar, file:/Users/oherrera/swf/M2/commons-io/commons-io/2.3/commons-io-2.3.jar, file:/Users/oherrera/swf/M2/org/codehaus/woodstox/wstx-asl/3.2.7/wstx-asl-3.2.7.jar, file:/Users/oherrera/swf/M2/aopalliance/aopalliance/1.0/aopalliance-1.0.jar, file:/Users/oherrera/swf/M2/org/springframework/spring-webmvc/4.2.3.RELEASE/spring-webmvc-4.2.3.RELEASE.jar, file:/Users/oherrera/swf/M2/org/slf4j/log4j-over-slf4j/1.7.13/log4j-over-slf4j-1.7.13.jar, file:/Users/oherrera/swf/M2/xml-apis/xml-apis/1.0.b2/xml-apis-1.0.b2.jar, file:/Users/oherrera/swf/M2/org/springframework/spring-aspects/4.2.3.RELEASE/spring-aspects-4.2.3.RELEASE.jar, file:/Users/oherrera/swf/M2/antlr/antlr/2.7.7/antlr-2.7.7.jar, file:/Users/oherrera/swf/M2/org/apache/tomcat/tomcat-juli/8.0.28/tomcat-juli-8.0.28.jar, file:/Users/oherrera/swf/M2/org/springframework/boot/spring-boot-starter-logging/1.3.0.RELEASE/spring-boot-starter-logging-1.3.0.RELEASE.jar, file:/Users/oherrera/swf/M2/org/apache/tomcat/tomcat-jdbc/8.0.28/tomcat-jdbc-8.0.28.jar, file:/Users/oherrera/swf/M2/ch/qos/logback/logback-classic/1.1.3/logback-classic-1.1.3.jar, file:/Users/oherrera/swf/M2/com/fasterxml/classmate/1.1.0/classmate-1.1.0.jar, file:/Users/oherrera/swf/M2/org/slf4j/slf4j-api/1.7.13/slf4j-api-1.7.13.jar, file:/Users/oherrera/swf/M2/org/springframework/boot/spring-boot-starter-tomcat/1.3.0.RELEASE/spring-boot-starter-tomcat-1.3.0.RELEASE.jar, file:/Users/oherrera/swf/M2/org/springframework/spring-core/4.2.3.RELEASE/spring-core-4.2.3.RELEASE.jar, file:/Users/oherrera/swf/M2/org/hibernate/hibernate-validator/5.2.2.Final/hibernate-validator-5.2.2.Final.jar, file:/Users/oherrera/swf/M2/org/springframework/boot/spring-boot-starter-aop/1.3.0.RELEASE/spring-boot-starter-aop-1.3.0.RELEASE.jar, file:/Users/oherrera/swf/M2/org/springframework/boot/spring-boot-starter-jdbc/1.3.0.RELEASE/spring-boot-starter-jdbc-1.3.0.RELEASE.jar, file:/Users/oherrera/swf/M2/org/slf4j/jul-to-slf4j/1.7.13/jul-to-slf4j-1.7.13.jar, file:/Users/oherrera/swf/M2/javax/validation/validation-api/1.1.0.Final/validation-api-1.1.0.Final.jar, file:/Users/oherrera/swf/M2/org/springframework/boot/spring-boot-starter/1.3.0.RELEASE/spring-boot-starter-1.3.0.RELEASE.jar, file:/Users/oherrera/swf/M2/org/springframework/spring-beans/4.2.3.RELEASE/spring-beans-4.2.3.RELEASE.jar, file:/Users/oherrera/swf/M2/org/apache/httpcomponents/httpclient/4.5.1/httpclient-4.5.1.jar, file:/Users/oherrera/swf/M2/dom4j/dom4j/1.6.1/dom4j-1.6.1.jar, file:/Users/oherrera/swf/M2/org/springframework/spring-orm/4.2.3.RELEASE/spring-orm-4.2.3.RELEASE.jar, file:/Users/oherrera/swf/M2/org/springframework/spring-web/4.2.3.RELEASE/spring-web-4.2.3.RELEASE.jar, file:/Users/oherrera/swf/M2/org/apache/commons/commons-lang3/3.1/commons-lang3-3.1.jar, file:/Users/oherrera/swf/M2/org/yaml/snakeyaml/1.16/snakeyaml-1.16.jar, file:/Users/oherrera/swf/M2/org/springframework/spring-expression/4.2.3.RELEASE/spring-expression-4.2.3.RELEASE.jar, file:/Users/oherrera/swf/M2/org/aspectj/aspectjweaver/1.8.7/aspectjweaver-1.8.7.jar, file:/Users/oherrera/swf/M2/org/hibernate/hibernate-core/4.3.11.Final/hibernate-core-4.3.11.Final.jar, file:/Users/oherrera/swf/M2/org/noggit/noggit/0.5/noggit-0.5.jar, file:/Users/oherrera/swf/M2/ch/qos/logback/logback-core/1.1.3/logback-core-1.1.3.jar, file:/Users/oherrera/swf/M2/org/springframework/data/spring-data-commons/1.11.1.RELEASE/spring-data-commons-1.11.1.RELEASE.jar, file:/Users/oherrera/swf/M2/org/springframework/boot/spring-boot-autoconfigure/1.3.0.RELEASE/spring-boot-autoconfigure-1.3.0.RELEASE.jar, file:/Users/oherrera/swf/M2/commons-collections/commons-collections/3.2.1/commons-collections-3.2.1.jar, file:/Users/oherrera/swf/M2/org/springframework/spring-jdbc/4.2.3.RELEASE/spring-jdbc-4.2.3.RELEASE.jar, file:/Users/oherrera/swf/M2/org/jboss/jandex/1.1.0.Final/jandex-1.1.0.Final.jar, file:/Users/oherrera/swf/M2/org/hibernate/javax/persistence/hibernate-jpa-2.1-api/1.0.0.Final/hibernate-jpa-2.1-api-1.0.0.Final.jar, file:/Users/oherrera/swf/M2/org/springframework/boot/spring-boot-starter-data-solr/1.3.0.RELEASE/spring-boot-starter-data-solr-1.3.0.RELEASE.jar, file:/Users/oherrera/swf/M2/org/apache/zookeeper/zookeeper/3.4.6/zookeeper-3.4.6.jar, file:/Users/oherrera/swf/M2/org/springframework/spring-aop/4.2.3.RELEASE/spring-aop-4.2.3.RELEASE.jar, file:/Users/oherrera/swf/M2/org/apache/httpcomponents/httpmime/4.5.1/httpmime-4.5.1.jar, file:/Users/oherrera/swf/M2/org/springframework/data/spring-data-solr/1.5.1.RELEASE/spring-data-solr-1.5.1.RELEASE.jar, file:/Users/oherrera/swf/M2/org/hibernate/hibernate-entitymanager/4.3.11.Final/hibernate-entitymanager-4.3.11.Final.jar, file:/Users/oherrera/swf/M2/org/javassist/javassist/3.18.1-GA/javassist-3.18.1-GA.jar, file:/Users/oherrera/swf/M2/org/apache/httpcomponents/httpclient-cache/4.2.2/httpclient-cache-4.2.2.jar, file:/Users/oherrera/swf/M2/org/apache/tomcat/embed/tomcat-embed-el/8.0.28/tomcat-embed-el-8.0.28.jar, file:/Users/oherrera/swf/M2/org/hibernate/common/hibernate-commons-annotations/4.0.5.Final/hibernate-commons-annotations-4.0.5.Final.jar, file:/Users/oherrera/swf/M2/org/springframework/boot/spring-boot/1.3.0.RELEASE/spring-boot-1.3.0.RELEASE.jar, file:/Users/oherrera/swf/M2/org/apache/tomcat/embed/tomcat-embed-logging-juli/8.0.28/tomcat-embed-logging-juli-8.0.28.jar, file:/Users/oherrera/swf/M2/org/apache/tomcat/embed/tomcat-embed-core/8.0.28/tomcat-embed-core-8.0.28.jar, file:/Users/oherrera/swf/M2/org/springframework/data/spring-data-jpa/1.9.1.RELEASE/spring-data-jpa-1.9.1.RELEASE.jar, file:/Users/oherrera/swf/M2/org/slf4j/jcl-over-slf4j/1.7.13/jcl-over-slf4j-1.7.13.jar, file:/Users/oherrera/swf/M2/org/jboss/logging/jboss-logging-annotations/1.2.0.Beta1/jboss-logging-annotations-1.2.0.Beta1.jar, file:/Users/oherrera/swf/M2/org/springframework/boot/spring-boot-starter-data-jpa/1.3.0.RELEASE/spring-boot-starter-data-jpa-1.3.0.RELEASE.jar, file:/Users/oherrera/swf/M2/org/springframework/spring-context/4.2.3.RELEASE/spring-context-4.2.3.RELEASE.jar, file:/Users/oherrera/swf/M2/org/apache/tomcat/embed/tomcat-embed-websocket/8.0.28/tomcat-embed-websocket-8.0.28.jar, file:/Users/oherrera/swf/M2/com/fasterxml/jackson/core/jackson-annotations/2.6.3/jackson-annotations-2.6.3.jar, file:/Users/oherrera/swf/M2/org/apache/solr/solr-solrj/4.10.4/solr-solrj-4.10.4.jar, file:/Users/oherrera/swf/M2/javax/transaction/javax.transaction-api/1.2/javax.transaction-api-1.2.jar, file:/Users/oherrera/swf/M2/org/springframework/boot/spring-boot-starter-validation/1.3.0.RELEASE/spring-boot-starter-validation-1.3.0.RELEASE.jar, file:/Users/oherrera/swf/M2/com/fasterxml/jackson/core/jackson-databind/2.6.3/jackson-databind-2.6.3.jar, file:/Users/oherrera/swf/M2/org/jboss/logging/jboss-logging/3.3.0.Final/jboss-logging-3.3.0.Final.jar, file:/Users/oherrera/swf/M2/org/apache/httpcomponents/httpcore/4.4.4/httpcore-4.4.4.jar]
2015-11-18 07:47:53.437 ERROR 15438 --- [main] o.s.boot.SpringApplication               : Application startup failed

org.springframework.beans.factory.BeanCreationException: Error creating bean with name 'org.springframework.boot.autoconfigure.orm.jpa.HibernateJpaAutoConfiguration': Injection of autowired dependencies failed; nested exception is org.springframework.beans.factory.BeanCreationException: Could not autowire field: private javax.sql.DataSource org.springframework.boot.autoconfigure.orm.jpa.JpaBaseConfiguration.dataSource; nested exception is org.springframework.beans.factory.BeanCreationException: Error creating bean with name 'dataSource' defined in class path resource [org/springframework/boot/autoconfigure/jdbc/DataSourceAutoConfiguration$NonEmbeddedConfiguration.class]: Bean instantiation via factory method failed; nested exception is org.springframework.beans.BeanInstantiationException: Failed to instantiate [javax.sql.DataSource]: Factory method 'dataSource' threw exception; nested exception is org.springframework.boot.autoconfigure.jdbc.DataSourceProperties$DataSourceBeanCreationException: Cannot determine embedded database driver class for database type NONE. If you want an embedded database please put a supported one on the classpath. If you have database settings to be loaded from a particular profile you may need to active it (no profiles are currently active).
	at org.springframework.beans.factory.annotation.AutowiredAnnotationBeanPostProcessor.postProcessPropertyValues(AutowiredAnnotationBeanPostProcessor.java:334) ~[spring-beans-4.2.3.RELEASE.jar:4.2.3.RELEASE]
	at org.springframework.beans.factory.support.AbstractAutowireCapableBeanFactory.populateBean(AbstractAutowireCapableBeanFactory.java:1214) ~[spring-beans-4.2.3.RELEASE.jar:4.2.3.RELEASE]
	at org.springframework.beans.factory.support.AbstractAutowireCapableBeanFactory.doCreateBean(AbstractAutowireCapableBeanFactory.java:543) ~[spring-beans-4.2.3.RELEASE.jar:4.2.3.RELEASE]
	at org.springframework.beans.factory.support.AbstractAutowireCapableBeanFactory.createBean(AbstractAutowireCapableBeanFactory.java:482) ~[spring-beans-4.2.3.RELEASE.jar:4.2.3.RELEASE]
	at org.springframework.beans.factory.support.AbstractBeanFactory$1.getObject(AbstractBeanFactory.java:306) ~[spring-beans-4.2.3.RELEASE.jar:4.2.3.RELEASE]
	at org.springframework.beans.factory.support.DefaultSingletonBeanRegistry.getSingleton(DefaultSingletonBeanRegistry.java:230) ~[spring-beans-4.2.3.RELEASE.jar:4.2.3.RELEASE]
	at org.springframework.beans.factory.support.AbstractBeanFactory.doGetBean(AbstractBeanFactory.java:302) ~[spring-beans-4.2.3.RELEASE.jar:4.2.3.RELEASE]
	at org.springframework.beans.factory.support.AbstractBeanFactory.getBean(AbstractBeanFactory.java:197) ~[spring-beans-4.2.3.RELEASE.jar:4.2.3.RELEASE]
	at org.springframework.beans.factory.support.ConstructorResolver.instantiateUsingFactoryMethod(ConstructorResolver.java:368) ~[spring-beans-4.2.3.RELEASE.jar:4.2.3.RELEASE]
	at org.springframework.beans.factory.support.AbstractAutowireCapableBeanFactory.instantiateUsingFactoryMethod(AbstractAutowireCapableBeanFactory.java:1123) ~[spring-beans-4.2.3.RELEASE.jar:4.2.3.RELEASE]
	at org.springframework.beans.factory.support.AbstractAutowireCapableBeanFactory.createBeanInstance(AbstractAutowireCapableBeanFactory.java:1018) ~[spring-beans-4.2.3.RELEASE.jar:4.2.3.RELEASE]
	at org.springframework.beans.factory.support.AbstractAutowireCapableBeanFactory.doCreateBean(AbstractAutowireCapableBeanFactory.java:510) ~[spring-beans-4.2.3.RELEASE.jar:4.2.3.RELEASE]
	at org.springframework.beans.factory.support.AbstractAutowireCapableBeanFactory.createBean(AbstractAutowireCapableBeanFactory.java:482) ~[spring-beans-4.2.3.RELEASE.jar:4.2.3.RELEASE]
	at org.springframework.beans.factory.support.AbstractBeanFactory$1.getObject(AbstractBeanFactory.java:306) ~[spring-beans-4.2.3.RELEASE.jar:4.2.3.RELEASE]
	at org.springframework.beans.factory.support.DefaultSingletonBeanRegistry.getSingleton(DefaultSingletonBeanRegistry.java:230) ~[spring-beans-4.2.3.RELEASE.jar:4.2.3.RELEASE]
	at org.springframework.beans.factory.support.AbstractBeanFactory.doGetBean(AbstractBeanFactory.java:302) ~[spring-beans-4.2.3.RELEASE.jar:4.2.3.RELEASE]
	at org.springframework.beans.factory.support.AbstractBeanFactory.getBean(AbstractBeanFactory.java:197) ~[spring-beans-4.2.3.RELEASE.jar:4.2.3.RELEASE]
	at org.springframework.context.support.AbstractApplicationContext.getBean(AbstractApplicationContext.java:1051) ~[spring-context-4.2.3.RELEASE.jar:4.2.3.RELEASE]
	at org.springframework.context.support.AbstractApplicationContext.finishBeanFactoryInitialization(AbstractApplicationContext.java:828) ~[spring-context-4.2.3.RELEASE.jar:4.2.3.RELEASE]
	at org.springframework.context.support.AbstractApplicationContext.refresh(AbstractApplicationContext.java:537) ~[spring-context-4.2.3.RELEASE.jar:4.2.3.RELEASE]
	at org.springframework.boot.context.embedded.EmbeddedWebApplicationContext.refresh(EmbeddedWebApplicationContext.java:118) ~[spring-boot-1.3.0.RELEASE.jar:1.3.0.RELEASE]
	at org.springframework.boot.SpringApplication.refresh(SpringApplication.java:752) [spring-boot-1.3.0.RELEASE.jar:1.3.0.RELEASE]
	at org.springframework.boot.SpringApplication.doRun(SpringApplication.java:347) [spring-boot-1.3.0.RELEASE.jar:1.3.0.RELEASE]
	at org.springframework.boot.SpringApplication.run(SpringApplication.java:295) [spring-boot-1.3.0.RELEASE.jar:1.3.0.RELEASE]
	at org.springframework.boot.SpringApplication.run(SpringApplication.java:1112) [spring-boot-1.3.0.RELEASE.jar:1.3.0.RELEASE]
	at org.springframework.boot.SpringApplication.run(SpringApplication.java:1101) [spring-boot-1.3.0.RELEASE.jar:1.3.0.RELEASE]
	at com.nearsoft.questions.config.QuestionsApplication.main(QuestionsApplication.java:12) [classes/:na]
	at sun.reflect.NativeMethodAccessorImpl.invoke0(Native Method) ~[na:1.8.0_31]
	at sun.reflect.NativeMethodAccessorImpl.invoke(NativeMethodAccessorImpl.java:62) ~[na:1.8.0_31]
	at sun.reflect.DelegatingMethodAccessorImpl.invoke(DelegatingMethodAccessorImpl.java:43) ~[na:1.8.0_31]
	at java.lang.reflect.Method.invoke(Method.java:483) ~[na:1.8.0_31]
	at org.springframework.boot.maven.AbstractRunMojo$LaunchRunner.run(AbstractRunMojo.java:467) [spring-boot-maven-plugin-1.3.0.RELEASE.jar:1.3.0.RELEASE]
	at java.lang.Thread.run(Thread.java:745) [na:1.8.0_31]
Caused by: org.springframework.beans.factory.BeanCreationException: Could not autowire field: private javax.sql.DataSource org.springframework.boot.autoconfigure.orm.jpa.JpaBaseConfiguration.dataSource; nested exception is org.springframework.beans.factory.BeanCreationException: Error creating bean with name 'dataSource' defined in class path resource [org/springframework/boot/autoconfigure/jdbc/DataSourceAutoConfiguration$NonEmbeddedConfiguration.class]: Bean instantiation via factory method failed; nested exception is org.springframework.beans.BeanInstantiationException: Failed to instantiate [javax.sql.DataSource]: Factory method 'dataSource' threw exception; nested exception is org.springframework.boot.autoconfigure.jdbc.DataSourceProperties$DataSourceBeanCreationException: Cannot determine embedded database driver class for database type NONE. If you want an embedded database please put a supported one on the classpath. If you have database settings to be loaded from a particular profile you may need to active it (no profiles are currently active).
	at org.springframework.beans.factory.annotation.AutowiredAnnotationBeanPostProcessor$AutowiredFieldElement.inject(AutowiredAnnotationBeanPostProcessor.java:573) ~[spring-beans-4.2.3.RELEASE.jar:4.2.3.RELEASE]
	at org.springframework.beans.factory.annotation.InjectionMetadata.inject(InjectionMetadata.java:88) ~[spring-beans-4.2.3.RELEASE.jar:4.2.3.RELEASE]
	at org.springframework.beans.factory.annotation.AutowiredAnnotationBeanPostProcessor.postProcessPropertyValues(AutowiredAnnotationBeanPostProcessor.java:331) ~[spring-beans-4.2.3.RELEASE.jar:4.2.3.RELEASE]
	... 32 common frames omitted
Caused by: org.springframework.beans.factory.BeanCreationException: Error creating bean with name 'dataSource' defined in class path resource [org/springframework/boot/autoconfigure/jdbc/DataSourceAutoConfiguration$NonEmbeddedConfiguration.class]: Bean instantiation via factory method failed; nested exception is org.springframework.beans.BeanInstantiationException: Failed to instantiate [javax.sql.DataSource]: Factory method 'dataSource' threw exception; nested exception is org.springframework.boot.autoconfigure.jdbc.DataSourceProperties$DataSourceBeanCreationException: Cannot determine embedded database driver class for database type NONE. If you want an embedded database please put a supported one on the classpath. If you have database settings to be loaded from a particular profile you may need to active it (no profiles are currently active).
	at org.springframework.beans.factory.support.ConstructorResolver.instantiateUsingFactoryMethod(ConstructorResolver.java:599) ~[spring-beans-4.2.3.RELEASE.jar:4.2.3.RELEASE]
	at org.springframework.beans.factory.support.AbstractAutowireCapableBeanFactory.instantiateUsingFactoryMethod(AbstractAutowireCapableBeanFactory.java:1123) ~[spring-beans-4.2.3.RELEASE.jar:4.2.3.RELEASE]
	at org.springframework.beans.factory.support.AbstractAutowireCapableBeanFactory.createBeanInstance(AbstractAutowireCapableBeanFactory.java:1018) ~[spring-beans-4.2.3.RELEASE.jar:4.2.3.RELEASE]
	at org.springframework.beans.factory.support.AbstractAutowireCapableBeanFactory.doCreateBean(AbstractAutowireCapableBeanFactory.java:510) ~[spring-beans-4.2.3.RELEASE.jar:4.2.3.RELEASE]
	at org.springframework.beans.factory.support.AbstractAutowireCapableBeanFactory.createBean(AbstractAutowireCapableBeanFactory.java:482) ~[spring-beans-4.2.3.RELEASE.jar:4.2.3.RELEASE]
	at org.springframework.beans.factory.support.AbstractBeanFactory$1.getObject(AbstractBeanFactory.java:306) ~[spring-beans-4.2.3.RELEASE.jar:4.2.3.RELEASE]
	at org.springframework.beans.factory.support.DefaultSingletonBeanRegistry.getSingleton(DefaultSingletonBeanRegistry.java:230) ~[spring-beans-4.2.3.RELEASE.jar:4.2.3.RELEASE]
	at org.springframework.beans.factory.support.AbstractBeanFactory.doGetBean(AbstractBeanFactory.java:302) ~[spring-beans-4.2.3.RELEASE.jar:4.2.3.RELEASE]
	at org.springframework.beans.factory.support.AbstractBeanFactory.getBean(AbstractBeanFactory.java:197) ~[spring-beans-4.2.3.RELEASE.jar:4.2.3.RELEASE]
	at org.springframework.beans.factory.support.DefaultListableBeanFactory.findAutowireCandidates(DefaultListableBeanFactory.java:1192) ~[spring-beans-4.2.3.RELEASE.jar:4.2.3.RELEASE]
	at org.springframework.beans.factory.support.DefaultListableBeanFactory.doResolveDependency(DefaultListableBeanFactory.java:1116) ~[spring-beans-4.2.3.RELEASE.jar:4.2.3.RELEASE]
	at org.springframework.beans.factory.support.DefaultListableBeanFactory.resolveDependency(DefaultListableBeanFactory.java:1014) ~[spring-beans-4.2.3.RELEASE.jar:4.2.3.RELEASE]
	at org.springframework.beans.factory.annotation.AutowiredAnnotationBeanPostProcessor$AutowiredFieldElement.inject(AutowiredAnnotationBeanPostProcessor.java:545) ~[spring-beans-4.2.3.RELEASE.jar:4.2.3.RELEASE]
	... 34 common frames omitted
Caused by: org.springframework.beans.BeanInstantiationException: Failed to instantiate [javax.sql.DataSource]: Factory method 'dataSource' threw exception; nested exception is org.springframework.boot.autoconfigure.jdbc.DataSourceProperties$DataSourceBeanCreationException: Cannot determine embedded database driver class for database type NONE. If you want an embedded database please put a supported one on the classpath. If you have database settings to be loaded from a particular profile you may need to active it (no profiles are currently active).
	at org.springframework.beans.factory.support.SimpleInstantiationStrategy.instantiate(SimpleInstantiationStrategy.java:189) ~[spring-beans-4.2.3.RELEASE.jar:4.2.3.RELEASE]
	at org.springframework.beans.factory.support.ConstructorResolver.instantiateUsingFactoryMethod(ConstructorResolver.java:588) ~[spring-beans-4.2.3.RELEASE.jar:4.2.3.RELEASE]
	... 46 common frames omitted
Caused by: org.springframework.boot.autoconfigure.jdbc.DataSourceProperties$DataSourceBeanCreationException: Cannot determine embedded database driver class for database type NONE. If you want an embedded database please put a supported one on the classpath. If you have database settings to be loaded from a particular profile you may need to active it (no profiles are currently active).
	at org.springframework.boot.autoconfigure.jdbc.DataSourceProperties.getDriverClassName(DataSourceProperties.java:180) ~[spring-boot-autoconfigure-1.3.0.RELEASE.jar:1.3.0.RELEASE]
	at org.springframework.boot.autoconfigure.jdbc.DataSourceAutoConfiguration$NonEmbeddedConfiguration.dataSource(DataSourceAutoConfiguration.java:120) ~[spring-boot-autoconfigure-1.3.0.RELEASE.jar:1.3.0.RELEASE]
	at sun.reflect.NativeMethodAccessorImpl.invoke0(Native Method) ~[na:1.8.0_31]
	at sun.reflect.NativeMethodAccessorImpl.invoke(NativeMethodAccessorImpl.java:62) ~[na:1.8.0_31]
	at sun.reflect.DelegatingMethodAccessorImpl.invoke(DelegatingMethodAccessorImpl.java:43) ~[na:1.8.0_31]
	at java.lang.reflect.Method.invoke(Method.java:483) ~[na:1.8.0_31]
	at org.springframework.beans.factory.support.SimpleInstantiationStrategy.instantiate(SimpleInstantiationStrategy.java:162) ~[spring-beans-4.2.3.RELEASE.jar:4.2.3.RELEASE]
	... 47 common frames omitted

2015-11-18 07:48:24.359  INFO 15485 --- [main] c.n.q.config.QuestionsApplication        : Starting QuestionsApplication on Oswaldos-MacBook-Pro.local with PID 15485 (/Users/oherrera/wdonet/nsquestions/target/classes started by oherrera in /Users/oherrera/wdonet/nsquestions)
2015-11-18 07:48:24.361 DEBUG 15485 --- [main] c.n.q.config.QuestionsApplication        : Running with Spring Boot v1.3.0.RELEASE, Spring v4.2.3.RELEASE
2015-11-18 07:48:24.362  INFO 15485 --- [main] c.n.q.config.QuestionsApplication        : No profiles are active
2015-11-18 07:48:24.408  INFO 15485 --- [main] ationConfigEmbeddedWebApplicationContext : Refreshing org.springframework.boot.context.embedded.AnnotationConfigEmbeddedWebApplicationContext@4c314ec3: startup date [Wed Nov 18 07:48:24 UTC 2015]; root of context hierarchy
2015-11-18 07:48:25.017  INFO 15485 --- [main] o.s.b.f.s.DefaultListableBeanFactory     : Overriding bean definition for bean 'beanNameViewResolver' with a different definition: replacing [Root bean: class [null]; scope=; abstract=false; lazyInit=false; autowireMode=3; dependencyCheck=0; autowireCandidate=true; primary=false; factoryBeanName=org.springframework.boot.autoconfigure.web.ErrorMvcAutoConfiguration$WhitelabelErrorViewConfiguration; factoryMethodName=beanNameViewResolver; initMethodName=null; destroyMethodName=(inferred); defined in class path resource [org/springframework/boot/autoconfigure/web/ErrorMvcAutoConfiguration$WhitelabelErrorViewConfiguration.class]] with [Root bean: class [null]; scope=; abstract=false; lazyInit=false; autowireMode=3; dependencyCheck=0; autowireCandidate=true; primary=false; factoryBeanName=org.springframework.boot.autoconfigure.web.WebMvcAutoConfiguration$WebMvcAutoConfigurationAdapter; factoryMethodName=beanNameViewResolver; initMethodName=null; destroyMethodName=(inferred); defined in class path resource [org/springframework/boot/autoconfigure/web/WebMvcAutoConfiguration$WebMvcAutoConfigurationAdapter.class]]
2015-11-18 07:48:25.516  INFO 15485 --- [main] s.b.c.e.t.TomcatEmbeddedServletContainer : Tomcat initialized with port(s): 8080 (http)
2015-11-18 07:48:25.526  INFO 15485 --- [main] o.apache.catalina.core.StandardService   : Starting service Tomcat
2015-11-18 07:48:25.527  INFO 15485 --- [main] org.apache.catalina.core.StandardEngine  : Starting Servlet Engine: Apache Tomcat/8.0.28
2015-11-18 07:48:25.676  INFO 15485 --- [localhost-startStop-1] o.a.c.c.C.[Tomcat].[localhost].[/]       : Initializing Spring embedded WebApplicationContext
2015-11-18 07:48:25.676  INFO 15485 --- [localhost-startStop-1] o.s.web.context.ContextLoader            : Root WebApplicationContext: initialization completed in 1273 ms
2015-11-18 07:48:25.918  INFO 15485 --- [localhost-startStop-1] o.s.b.c.e.ServletRegistrationBean        : Mapping servlet: 'dispatcherServlet' to [/]
2015-11-18 07:48:25.921  INFO 15485 --- [localhost-startStop-1] o.s.b.c.embedded.FilterRegistrationBean  : Mapping filter: 'characterEncodingFilter' to: [/*]
2015-11-18 07:48:25.921  INFO 15485 --- [localhost-startStop-1] o.s.b.c.embedded.FilterRegistrationBean  : Mapping filter: 'hiddenHttpMethodFilter' to: [/*]
2015-11-18 07:48:25.921  INFO 15485 --- [localhost-startStop-1] o.s.b.c.embedded.FilterRegistrationBean  : Mapping filter: 'httpPutFormContentFilter' to: [/*]
2015-11-18 07:48:25.921  INFO 15485 --- [localhost-startStop-1] o.s.b.c.embedded.FilterRegistrationBean  : Mapping filter: 'requestContextFilter' to: [/*]
2015-11-18 07:48:26.119  INFO 15485 --- [main] s.w.s.m.m.a.RequestMappingHandlerAdapter : Looking for @ControllerAdvice: org.springframework.boot.context.embedded.AnnotationConfigEmbeddedWebApplicationContext@4c314ec3: startup date [Wed Nov 18 07:48:24 UTC 2015]; root of context hierarchy
2015-11-18 07:48:26.179  INFO 15485 --- [main] s.w.s.m.m.a.RequestMappingHandlerMapping : Mapped "{[/question/search],methods=[POST]}" onto public java.util.List<com.nearsoft.questions.domain.Question> com.nearsoft.questions.controller.QuestionController.search(java.lang.String)
2015-11-18 07:48:26.181  INFO 15485 --- [main] s.w.s.m.m.a.RequestMappingHandlerMapping : Mapped "{[/error]}" onto public org.springframework.http.ResponseEntity<java.util.Map<java.lang.String, java.lang.Object>> org.springframework.boot.autoconfigure.web.BasicErrorController.error(javax.servlet.http.HttpServletRequest)
2015-11-18 07:48:26.181  INFO 15485 --- [main] s.w.s.m.m.a.RequestMappingHandlerMapping : Mapped "{[/error],produces=[text/html]}" onto public org.springframework.web.servlet.ModelAndView org.springframework.boot.autoconfigure.web.BasicErrorController.errorHtml(javax.servlet.http.HttpServletRequest)
2015-11-18 07:48:26.198  INFO 15485 --- [main] o.s.w.s.handler.SimpleUrlHandlerMapping  : Mapped URL path [/webjars/**] onto handler of type [class org.springframework.web.servlet.resource.ResourceHttpRequestHandler]
2015-11-18 07:48:26.199  INFO 15485 --- [main] o.s.w.s.handler.SimpleUrlHandlerMapping  : Mapped URL path [/**] onto handler of type [class org.springframework.web.servlet.resource.ResourceHttpRequestHandler]
2015-11-18 07:48:26.225  INFO 15485 --- [main] o.s.w.s.handler.SimpleUrlHandlerMapping  : Mapped URL path [/**/favicon.ico] onto handler of type [class org.springframework.web.servlet.resource.ResourceHttpRequestHandler]
2015-11-18 07:48:26.465  INFO 15485 --- [main] o.s.j.e.a.AnnotationMBeanExporter        : Registering beans for JMX exposure on startup
2015-11-18 07:48:26.528  INFO 15485 --- [main] s.b.c.e.t.TomcatEmbeddedServletContainer : Tomcat started on port(s): 8080 (http)
2015-11-18 07:48:26.532  INFO 15485 --- [main] c.n.q.config.QuestionsApplication        : Started QuestionsApplication in 2.5 seconds (JVM running for 4.722)
2015-11-18 07:50:41.498  INFO 15485 --- [http-nio-8080-exec-1] o.a.c.c.C.[Tomcat].[localhost].[/]       : Initializing Spring FrameworkServlet 'dispatcherServlet'
2015-11-18 07:50:41.498  INFO 15485 --- [http-nio-8080-exec-1] o.s.web.servlet.DispatcherServlet        : FrameworkServlet 'dispatcherServlet': initialization started
2015-11-18 07:50:41.510  INFO 15485 --- [http-nio-8080-exec-1] o.s.web.servlet.DispatcherServlet        : FrameworkServlet 'dispatcherServlet': initialization completed in 12 ms
2015-11-18 08:14:09.590  INFO 15485 --- [Thread-2] ationConfigEmbeddedWebApplicationContext : Closing org.springframework.boot.context.embedded.AnnotationConfigEmbeddedWebApplicationContext@4c314ec3: startup date [Wed Nov 18 07:48:24 UTC 2015]; root of context hierarchy
2015-11-18 08:14:09.592  INFO 15485 --- [Thread-2] o.s.j.e.a.AnnotationMBeanExporter        : Unregistering JMX-exposed beans on shutdown
2015-11-18 08:14:16.432  INFO 16778 --- [main] c.n.q.config.QuestionsApplication        : Starting QuestionsApplication on Oswaldos-MacBook-Pro.local with PID 16778 (/Users/oherrera/wdonet/nsquestions/target/classes started by oherrera in /Users/oherrera/wdonet/nsquestions)
2015-11-18 08:14:16.436 DEBUG 16778 --- [main] c.n.q.config.QuestionsApplication        : Running with Spring Boot v1.3.0.RELEASE, Spring v4.2.3.RELEASE
2015-11-18 08:14:16.436  INFO 16778 --- [main] c.n.q.config.QuestionsApplication        : No profiles are active
2015-11-18 08:14:16.477  INFO 16778 --- [main] ationConfigEmbeddedWebApplicationContext : Refreshing org.springframework.boot.context.embedded.AnnotationConfigEmbeddedWebApplicationContext@1b970f65: startup date [Wed Nov 18 08:14:16 UTC 2015]; root of context hierarchy
2015-11-18 08:14:17.143  INFO 16778 --- [main] o.s.b.f.s.DefaultListableBeanFactory     : Overriding bean definition for bean 'beanNameViewResolver' with a different definition: replacing [Root bean: class [null]; scope=; abstract=false; lazyInit=false; autowireMode=3; dependencyCheck=0; autowireCandidate=true; primary=false; factoryBeanName=org.springframework.boot.autoconfigure.web.ErrorMvcAutoConfiguration$WhitelabelErrorViewConfiguration; factoryMethodName=beanNameViewResolver; initMethodName=null; destroyMethodName=(inferred); defined in class path resource [org/springframework/boot/autoconfigure/web/ErrorMvcAutoConfiguration$WhitelabelErrorViewConfiguration.class]] with [Root bean: class [null]; scope=; abstract=false; lazyInit=false; autowireMode=3; dependencyCheck=0; autowireCandidate=true; primary=false; factoryBeanName=org.springframework.boot.autoconfigure.web.WebMvcAutoConfiguration$WebMvcAutoConfigurationAdapter; factoryMethodName=beanNameViewResolver; initMethodName=null; destroyMethodName=(inferred); defined in class path resource [org/springframework/boot/autoconfigure/web/WebMvcAutoConfiguration$WebMvcAutoConfigurationAdapter.class]]
2015-11-18 08:14:17.704  INFO 16778 --- [main] s.b.c.e.t.TomcatEmbeddedServletContainer : Tomcat initialized with port(s): 8080 (http)
2015-11-18 08:14:17.716  INFO 16778 --- [main] o.apache.catalina.core.StandardService   : Starting service Tomcat
2015-11-18 08:14:17.717  INFO 16778 --- [main] org.apache.catalina.core.StandardEngine  : Starting Servlet Engine: Apache Tomcat/8.0.28
2015-11-18 08:14:17.785  INFO 16778 --- [localhost-startStop-1] o.a.c.c.C.[Tomcat].[localhost].[/]       : Initializing Spring embedded WebApplicationContext
2015-11-18 08:14:17.785  INFO 16778 --- [localhost-startStop-1] o.s.web.context.ContextLoader            : Root WebApplicationContext: initialization completed in 1312 ms
2015-11-18 08:14:18.095  INFO 16778 --- [localhost-startStop-1] o.s.b.c.e.ServletRegistrationBean        : Mapping servlet: 'dispatcherServlet' to [/]
2015-11-18 08:14:18.099  INFO 16778 --- [localhost-startStop-1] o.s.b.c.embedded.FilterRegistrationBean  : Mapping filter: 'characterEncodingFilter' to: [/*]
2015-11-18 08:14:18.099  INFO 16778 --- [localhost-startStop-1] o.s.b.c.embedded.FilterRegistrationBean  : Mapping filter: 'hiddenHttpMethodFilter' to: [/*]
2015-11-18 08:14:18.100  INFO 16778 --- [localhost-startStop-1] o.s.b.c.embedded.FilterRegistrationBean  : Mapping filter: 'httpPutFormContentFilter' to: [/*]
2015-11-18 08:14:18.100  INFO 16778 --- [localhost-startStop-1] o.s.b.c.embedded.FilterRegistrationBean  : Mapping filter: 'requestContextFilter' to: [/*]
2015-11-18 08:14:18.287  INFO 16778 --- [main] s.w.s.m.m.a.RequestMappingHandlerAdapter : Looking for @ControllerAdvice: org.springframework.boot.context.embedded.AnnotationConfigEmbeddedWebApplicationContext@1b970f65: startup date [Wed Nov 18 08:14:16 UTC 2015]; root of context hierarchy
2015-11-18 08:14:18.338  INFO 16778 --- [main] s.w.s.m.m.a.RequestMappingHandlerMapping : Mapped "{[/question/search],methods=[POST]}" onto public java.util.List<com.nearsoft.questions.domain.Question> com.nearsoft.questions.controller.QuestionController.search(java.lang.String)
2015-11-18 08:14:18.340  INFO 16778 --- [main] s.w.s.m.m.a.RequestMappingHandlerMapping : Mapped "{[/error]}" onto public org.springframework.http.ResponseEntity<java.util.Map<java.lang.String, java.lang.Object>> org.springframework.boot.autoconfigure.web.BasicErrorController.error(javax.servlet.http.HttpServletRequest)
2015-11-18 08:14:18.340  INFO 16778 --- [main] s.w.s.m.m.a.RequestMappingHandlerMapping : Mapped "{[/error],produces=[text/html]}" onto public org.springframework.web.servlet.ModelAndView org.springframework.boot.autoconfigure.web.BasicErrorController.errorHtml(javax.servlet.http.HttpServletRequest)
2015-11-18 08:14:18.360  INFO 16778 --- [main] o.s.w.s.handler.SimpleUrlHandlerMapping  : Mapped URL path [/webjars/**] onto handler of type [class org.springframework.web.servlet.resource.ResourceHttpRequestHandler]
2015-11-18 08:14:18.361  INFO 16778 --- [main] o.s.w.s.handler.SimpleUrlHandlerMapping  : Mapped URL path [/**] onto handler of type [class org.springframework.web.servlet.resource.ResourceHttpRequestHandler]
2015-11-18 08:14:18.388  INFO 16778 --- [main] o.s.w.s.handler.SimpleUrlHandlerMapping  : Mapped URL path [/**/favicon.ico] onto handler of type [class org.springframework.web.servlet.resource.ResourceHttpRequestHandler]
2015-11-18 08:14:18.605  INFO 16778 --- [main] o.s.j.e.a.AnnotationMBeanExporter        : Registering beans for JMX exposure on startup
2015-11-18 08:14:18.667  INFO 16778 --- [main] s.b.c.e.t.TomcatEmbeddedServletContainer : Tomcat started on port(s): 8080 (http)
2015-11-18 08:14:18.671  INFO 16778 --- [main] c.n.q.config.QuestionsApplication        : Started QuestionsApplication in 2.548 seconds (JVM running for 4.894)
2015-11-18 08:18:13.836  INFO 16778 --- [http-nio-8080-exec-1] o.a.c.c.C.[Tomcat].[localhost].[/]       : Initializing Spring FrameworkServlet 'dispatcherServlet'
2015-11-18 08:18:13.836  INFO 16778 --- [http-nio-8080-exec-1] o.s.web.servlet.DispatcherServlet        : FrameworkServlet 'dispatcherServlet': initialization started
2015-11-18 08:18:13.845  INFO 16778 --- [http-nio-8080-exec-1] o.s.web.servlet.DispatcherServlet        : FrameworkServlet 'dispatcherServlet': initialization completed in 9 ms
2015-11-18 08:18:18.509  INFO 16778 --- [Thread-2] ationConfigEmbeddedWebApplicationContext : Closing org.springframework.boot.context.embedded.AnnotationConfigEmbeddedWebApplicationContext@1b970f65: startup date [Wed Nov 18 08:14:16 UTC 2015]; root of context hierarchy
2015-11-18 08:18:18.511  INFO 16778 --- [Thread-2] o.s.j.e.a.AnnotationMBeanExporter        : Unregistering JMX-exposed beans on shutdown
2015-11-18 08:31:39.924  INFO 17599 --- [main] c.n.q.config.QuestionsApplication        : Starting QuestionsApplication on Oswaldos-MacBook-Pro.local with PID 17599 (/Users/oherrera/wdonet/nsquestions/target/classes started by oherrera in /Users/oherrera/wdonet/nsquestions)
2015-11-18 08:31:39.927 DEBUG 17599 --- [main] c.n.q.config.QuestionsApplication        : Running with Spring Boot v1.3.0.RELEASE, Spring v4.2.3.RELEASE
2015-11-18 08:31:39.928  INFO 17599 --- [main] c.n.q.config.QuestionsApplication        : No profiles are active
2015-11-18 08:31:39.972  INFO 17599 --- [main] ationConfigEmbeddedWebApplicationContext : Refreshing org.springframework.boot.context.embedded.AnnotationConfigEmbeddedWebApplicationContext@208256b3: startup date [Wed Nov 18 08:31:39 UTC 2015]; root of context hierarchy
2015-11-18 08:31:40.537  INFO 17599 --- [main] o.s.b.f.s.DefaultListableBeanFactory     : Overriding bean definition for bean 'beanNameViewResolver' with a different definition: replacing [Root bean: class [null]; scope=; abstract=false; lazyInit=false; autowireMode=3; dependencyCheck=0; autowireCandidate=true; primary=false; factoryBeanName=org.springframework.boot.autoconfigure.web.ErrorMvcAutoConfiguration$WhitelabelErrorViewConfiguration; factoryMethodName=beanNameViewResolver; initMethodName=null; destroyMethodName=(inferred); defined in class path resource [org/springframework/boot/autoconfigure/web/ErrorMvcAutoConfiguration$WhitelabelErrorViewConfiguration.class]] with [Root bean: class [null]; scope=; abstract=false; lazyInit=false; autowireMode=3; dependencyCheck=0; autowireCandidate=true; primary=false; factoryBeanName=org.springframework.boot.autoconfigure.web.WebMvcAutoConfiguration$WebMvcAutoConfigurationAdapter; factoryMethodName=beanNameViewResolver; initMethodName=null; destroyMethodName=(inferred); defined in class path resource [org/springframework/boot/autoconfigure/web/WebMvcAutoConfiguration$WebMvcAutoConfigurationAdapter.class]]
2015-11-18 08:31:41.181  INFO 17599 --- [main] s.b.c.e.t.TomcatEmbeddedServletContainer : Tomcat initialized with port(s): 8080 (http)
2015-11-18 08:31:41.192  INFO 17599 --- [main] o.apache.catalina.core.StandardService   : Starting service Tomcat
2015-11-18 08:31:41.193  INFO 17599 --- [main] org.apache.catalina.core.StandardEngine  : Starting Servlet Engine: Apache Tomcat/8.0.28
2015-11-18 08:31:41.271  INFO 17599 --- [localhost-startStop-1] o.a.c.c.C.[Tomcat].[localhost].[/]       : Initializing Spring embedded WebApplicationContext
2015-11-18 08:31:41.272  INFO 17599 --- [localhost-startStop-1] o.s.web.context.ContextLoader            : Root WebApplicationContext: initialization completed in 1303 ms
2015-11-18 08:31:41.530  INFO 17599 --- [localhost-startStop-1] o.s.b.c.e.ServletRegistrationBean        : Mapping servlet: 'dispatcherServlet' to [/]
2015-11-18 08:31:41.535  INFO 17599 --- [localhost-startStop-1] o.s.b.c.embedded.FilterRegistrationBean  : Mapping filter: 'characterEncodingFilter' to: [/*]
2015-11-18 08:31:41.535  INFO 17599 --- [localhost-startStop-1] o.s.b.c.embedded.FilterRegistrationBean  : Mapping filter: 'hiddenHttpMethodFilter' to: [/*]
2015-11-18 08:31:41.535  INFO 17599 --- [localhost-startStop-1] o.s.b.c.embedded.FilterRegistrationBean  : Mapping filter: 'httpPutFormContentFilter' to: [/*]
2015-11-18 08:31:41.535  INFO 17599 --- [localhost-startStop-1] o.s.b.c.embedded.FilterRegistrationBean  : Mapping filter: 'requestContextFilter' to: [/*]
2015-11-18 08:31:41.755  INFO 17599 --- [main] s.w.s.m.m.a.RequestMappingHandlerAdapter : Looking for @ControllerAdvice: org.springframework.boot.context.embedded.AnnotationConfigEmbeddedWebApplicationContext@208256b3: startup date [Wed Nov 18 08:31:39 UTC 2015]; root of context hierarchy
2015-11-18 08:31:41.810  INFO 17599 --- [main] s.w.s.m.m.a.RequestMappingHandlerMapping : Mapped "{[/question/search],methods=[POST]}" onto public java.util.List<com.nearsoft.questions.domain.Question> com.nearsoft.questions.controller.QuestionController.search(java.lang.String)
2015-11-18 08:31:41.814  INFO 17599 --- [main] s.w.s.m.m.a.RequestMappingHandlerMapping : Mapped "{[/error]}" onto public org.springframework.http.ResponseEntity<java.util.Map<java.lang.String, java.lang.Object>> org.springframework.boot.autoconfigure.web.BasicErrorController.error(javax.servlet.http.HttpServletRequest)
2015-11-18 08:31:41.814  INFO 17599 --- [main] s.w.s.m.m.a.RequestMappingHandlerMapping : Mapped "{[/error],produces=[text/html]}" onto public org.springframework.web.servlet.ModelAndView org.springframework.boot.autoconfigure.web.BasicErrorController.errorHtml(javax.servlet.http.HttpServletRequest)
2015-11-18 08:31:41.832  INFO 17599 --- [main] o.s.w.s.handler.SimpleUrlHandlerMapping  : Mapped URL path [/webjars/**] onto handler of type [class org.springframework.web.servlet.resource.ResourceHttpRequestHandler]
2015-11-18 08:31:41.832  INFO 17599 --- [main] o.s.w.s.handler.SimpleUrlHandlerMapping  : Mapped URL path [/**] onto handler of type [class org.springframework.web.servlet.resource.ResourceHttpRequestHandler]
2015-11-18 08:31:41.856  INFO 17599 --- [main] o.s.w.s.handler.SimpleUrlHandlerMapping  : Mapped URL path [/**/favicon.ico] onto handler of type [class org.springframework.web.servlet.resource.ResourceHttpRequestHandler]
2015-11-18 08:31:42.080  INFO 17599 --- [main] o.s.j.e.a.AnnotationMBeanExporter        : Registering beans for JMX exposure on startup
2015-11-18 08:31:42.136  INFO 17599 --- [main] s.b.c.e.t.TomcatEmbeddedServletContainer : Tomcat started on port(s): 8080 (http)
2015-11-18 08:31:42.140  INFO 17599 --- [main] c.n.q.config.QuestionsApplication        : Started QuestionsApplication in 2.475 seconds (JVM running for 5.258)
2015-11-18 08:31:59.142  INFO 17599 --- [http-nio-8080-exec-1] o.a.c.c.C.[Tomcat].[localhost].[/]       : Initializing Spring FrameworkServlet 'dispatcherServlet'
2015-11-18 08:31:59.143  INFO 17599 --- [http-nio-8080-exec-1] o.s.web.servlet.DispatcherServlet        : FrameworkServlet 'dispatcherServlet': initialization started
2015-11-18 08:31:59.155  INFO 17599 --- [http-nio-8080-exec-1] o.s.web.servlet.DispatcherServlet        : FrameworkServlet 'dispatcherServlet': initialization completed in 12 ms
2015-11-18 08:32:04.475  INFO 17599 --- [Thread-2] ationConfigEmbeddedWebApplicationContext : Closing org.springframework.boot.context.embedded.AnnotationConfigEmbeddedWebApplicationContext@208256b3: startup date [Wed Nov 18 08:31:39 UTC 2015]; root of context hierarchy
2015-11-18 08:32:04.478  INFO 17599 --- [Thread-2] o.s.j.e.a.AnnotationMBeanExporter        : Unregistering JMX-exposed beans on shutdown
2015-11-18 08:35:22.789  INFO 17802 --- [main] com.nearsoft.QuestionsApplicationTests   : Starting QuestionsApplicationTests on Oswaldos-MacBook-Pro.local with PID 17802 (/Users/oherrera/wdonet/nsquestions/target/test-classes started by oherrera in /Users/oherrera/wdonet/nsquestions)
2015-11-18 08:35:22.789  INFO 17802 --- [main] com.nearsoft.QuestionsApplicationTests   : No profiles are active
2015-11-18 08:35:22.840  INFO 17802 --- [main] o.s.w.c.s.GenericWebApplicationContext   : Refreshing org.springframework.web.context.support.GenericWebApplicationContext@222545dc: startup date [Wed Nov 18 08:35:22 UTC 2015]; root of context hierarchy
2015-11-18 08:35:23.437  INFO 17802 --- [main] o.s.b.f.s.DefaultListableBeanFactory     : Overriding bean definition for bean 'beanNameViewResolver' with a different definition: replacing [Root bean: class [null]; scope=; abstract=false; lazyInit=false; autowireMode=3; dependencyCheck=0; autowireCandidate=true; primary=false; factoryBeanName=org.springframework.boot.autoconfigure.web.ErrorMvcAutoConfiguration$WhitelabelErrorViewConfiguration; factoryMethodName=beanNameViewResolver; initMethodName=null; destroyMethodName=(inferred); defined in class path resource [org/springframework/boot/autoconfigure/web/ErrorMvcAutoConfiguration$WhitelabelErrorViewConfiguration.class]] with [Root bean: class [null]; scope=; abstract=false; lazyInit=false; autowireMode=3; dependencyCheck=0; autowireCandidate=true; primary=false; factoryBeanName=org.springframework.boot.autoconfigure.web.WebMvcAutoConfiguration$WebMvcAutoConfigurationAdapter; factoryMethodName=beanNameViewResolver; initMethodName=null; destroyMethodName=(inferred); defined in class path resource [org/springframework/boot/autoconfigure/web/WebMvcAutoConfiguration$WebMvcAutoConfigurationAdapter.class]]
2015-11-18 08:35:24.313  INFO 17802 --- [main] s.w.s.m.m.a.RequestMappingHandlerAdapter : Looking for @ControllerAdvice: org.springframework.web.context.support.GenericWebApplicationContext@222545dc: startup date [Wed Nov 18 08:35:22 UTC 2015]; root of context hierarchy
2015-11-18 08:35:24.371  INFO 17802 --- [main] s.w.s.m.m.a.RequestMappingHandlerMapping : Mapped "{[/question/search],methods=[POST]}" onto public java.util.List<com.nearsoft.questions.domain.Question> com.nearsoft.questions.controller.QuestionController.search(java.lang.String)
2015-11-18 08:35:24.373  INFO 17802 --- [main] s.w.s.m.m.a.RequestMappingHandlerMapping : Mapped "{[/error]}" onto public org.springframework.http.ResponseEntity<java.util.Map<java.lang.String, java.lang.Object>> org.springframework.boot.autoconfigure.web.BasicErrorController.error(javax.servlet.http.HttpServletRequest)
2015-11-18 08:35:24.374  INFO 17802 --- [main] s.w.s.m.m.a.RequestMappingHandlerMapping : Mapped "{[/error],produces=[text/html]}" onto public org.springframework.web.servlet.ModelAndView org.springframework.boot.autoconfigure.web.BasicErrorController.errorHtml(javax.servlet.http.HttpServletRequest)
2015-11-18 08:35:24.398  INFO 17802 --- [main] o.s.w.s.handler.SimpleUrlHandlerMapping  : Mapped URL path [/webjars/**] onto handler of type [class org.springframework.web.servlet.resource.ResourceHttpRequestHandler]
2015-11-18 08:35:24.399  INFO 17802 --- [main] o.s.w.s.handler.SimpleUrlHandlerMapping  : Mapped URL path [/**] onto handler of type [class org.springframework.web.servlet.resource.ResourceHttpRequestHandler]
2015-11-18 08:35:24.427  INFO 17802 --- [main] o.s.w.s.handler.SimpleUrlHandlerMapping  : Mapped URL path [/**/favicon.ico] onto handler of type [class org.springframework.web.servlet.resource.ResourceHttpRequestHandler]
2015-11-18 08:35:24.671  INFO 17802 --- [main] com.nearsoft.QuestionsApplicationTests   : Started QuestionsApplicationTests in 2.09 seconds (JVM running for 2.621)
2015-11-18 08:35:24.701  INFO 17802 --- [Thread-1] o.s.w.c.s.GenericWebApplicationContext   : Closing org.springframework.web.context.support.GenericWebApplicationContext@222545dc: startup date [Wed Nov 18 08:35:22 UTC 2015]; root of context hierarchy
